<?xml version="1.0" encoding="UTF-8"?>
<robot generator="Robot 3.1.2 (Python 3.7.6 on darwin)" generated="20200504 16:27:04.321" rpa="false">
<suite id="s1" name="Stmg Test" source="/Users/nradhakrishnan/RobotTestWorkspace/demo_BookDetailView/Tests/stmg_test.robot">
<test id="s1-t1" name="User should be able to land on Study Overview page">
<kw name="Login to med">
<kw name="Open Browser" library="SeleniumLibrary">
<doc>Opens a new browser instance to the optional ``url``.</doc>
<arguments>
<arg>https://login-sandbox.imedidata.net/login?</arg>
<arg>gc</arg>
</arguments>
<msg timestamp="20200504 16:27:04.731" level="INFO">Opening browser 'gc' to base url 'https://login-sandbox.imedidata.net/login?'.</msg>
<status status="PASS" starttime="20200504 16:27:04.731" endtime="20200504 16:27:16.547"></status>
</kw>
<kw name="Maximize Browser Window" library="SeleniumLibrary">
<doc>Maximizes current browser window.</doc>
<status status="PASS" starttime="20200504 16:27:16.547" endtime="20200504 16:27:16.745"></status>
</kw>
<kw name="Input Text" library="SeleniumLibrary">
<doc>Types the given ``text`` into the text field identified by ``locator``.</doc>
<arguments>
<arg>id=session_username</arg>
<arg>Nivethan</arg>
</arguments>
<msg timestamp="20200504 16:27:16.745" level="INFO">Typing text 'Nivethan' into text field 'id=session_username'.</msg>
<status status="PASS" starttime="20200504 16:27:16.745" endtime="20200504 16:27:16.883"></status>
</kw>
<kw name="Sleep" library="BuiltIn">
<doc>Pauses the test executed for the given time.</doc>
<arguments>
<arg>3s</arg>
</arguments>
<msg timestamp="20200504 16:27:19.883" level="INFO">Slept 3 seconds</msg>
<status status="PASS" starttime="20200504 16:27:16.883" endtime="20200504 16:27:19.884"></status>
</kw>
<kw name="Input Text" library="SeleniumLibrary">
<doc>Types the given ``text`` into the text field identified by ``locator``.</doc>
<arguments>
<arg>xpath=//*[@id="session_password"]</arg>
<arg>White@123</arg>
</arguments>
<msg timestamp="20200504 16:27:19.884" level="INFO">Typing text 'White@123' into text field 'xpath=//*[@id="session_password"]'.</msg>
<status status="PASS" starttime="20200504 16:27:19.884" endtime="20200504 16:27:19.983"></status>
</kw>
<kw name="Sleep" library="BuiltIn">
<doc>Pauses the test executed for the given time.</doc>
<arguments>
<arg>3s</arg>
</arguments>
<msg timestamp="20200504 16:27:22.985" level="INFO">Slept 3 seconds</msg>
<status status="PASS" starttime="20200504 16:27:19.984" endtime="20200504 16:27:22.985"></status>
</kw>
<kw name="Click Button" library="SeleniumLibrary">
<doc>Clicks the button identified by ``locator``.</doc>
<arguments>
<arg>id=create_session_link</arg>
</arguments>
<msg timestamp="20200504 16:27:22.986" level="INFO">Clicking button 'id=create_session_link'.</msg>
<status status="PASS" starttime="20200504 16:27:22.985" endtime="20200504 16:27:32.489"></status>
</kw>
<kw name="Sleep" library="BuiltIn">
<doc>Pauses the test executed for the given time.</doc>
<arguments>
<arg>5s</arg>
</arguments>
<msg timestamp="20200504 16:27:37.490" level="INFO">Slept 5 seconds</msg>
<status status="PASS" starttime="20200504 16:27:32.489" endtime="20200504 16:27:37.491"></status>
</kw>
<status status="PASS" starttime="20200504 16:27:04.730" endtime="20200504 16:27:37.491"></status>
</kw>
<kw name="Verify main page">
<kw name="Verify page content">
<arguments>
<arg>Study Site Analytics</arg>
</arguments>
<kw name="Wait Until Page Contains" library="SeleniumLibrary">
<doc>Waits until ``text`` appears on the current page.</doc>
<arguments>
<arg>${expect_page}</arg>
</arguments>
<status status="PASS" starttime="20200504 16:27:37.491" endtime="20200504 16:27:37.504"></status>
</kw>
<kw name="Log To Console" library="BuiltIn">
<doc>Logs the given message to the console.</doc>
<arguments>
<arg>${expect_page}</arg>
</arguments>
<status status="PASS" starttime="20200504 16:27:37.504" endtime="20200504 16:27:37.504"></status>
</kw>
<kw name="Log To Console" library="BuiltIn">
<doc>Logs the given message to the console.</doc>
<arguments>
<arg>Pass!</arg>
</arguments>
<status status="PASS" starttime="20200504 16:27:37.504" endtime="20200504 16:27:37.505"></status>
</kw>
<status status="PASS" starttime="20200504 16:27:37.491" endtime="20200504 16:27:37.505"></status>
</kw>
<kw name="Get Element Count" library="SeleniumLibrary">
<doc>Returns the number of elements matching ``locator``.</doc>
<arguments>
<arg>xpath=//*[@class='sidebar-container']/div/div</arg>
</arguments>
<assign>
<var>${howmany}</var>
</assign>
<msg timestamp="20200504 16:27:37.516" level="INFO">${howmany} = 18</msg>
<status status="PASS" starttime="20200504 16:27:37.505" endtime="20200504 16:27:37.516"></status>
</kw>
<kw name="Log To Console" library="BuiltIn">
<doc>Logs the given message to the console.</doc>
<arguments>
<arg>${howmany}</arg>
</arguments>
<status status="PASS" starttime="20200504 16:27:37.517" endtime="20200504 16:27:37.517"></status>
</kw>
<status status="PASS" starttime="20200504 16:27:37.491" endtime="20200504 16:27:37.517"></status>
</kw>
<kw name="Verify home page">
<msg timestamp="20200504 16:27:37.523" level="FAIL">No keyword with name 'Verify home page' found.</msg>
<status status="FAIL" starttime="20200504 16:27:37.523" endtime="20200504 16:27:37.523"></status>
</kw>
<status status="FAIL" starttime="20200504 16:27:04.729" endtime="20200504 16:27:37.523" critical="yes">No keyword with name 'Verify home page' found.</status>
</test>
<status status="FAIL" starttime="20200504 16:27:04.323" endtime="20200504 16:27:37.525"></status>
</suite>
<statistics>
<total>
<stat pass="0" fail="1">Critical Tests</stat>
<stat pass="0" fail="1">All Tests</stat>
</total>
<tag>
</tag>
<suite>
<stat pass="0" fail="1" id="s1" name="Stmg Test">Stmg Test</stat>
</suite>
</statistics>
<errors>
</errors>
</robot>
