<?xml version="1.0" encoding="UTF-8"?>
<robot generator="Robot 3.1.2 (Python 3.7.6 on darwin)" generated="20200623 02:26:25.607" rpa="false">
<suite id="s1" name="TestCases" source="/Users/nradhakrishnan/RobotWorkspace/demo_BookDetailView/Tests/TestCases.robot">
<test id="s1-t1" name="User should be able to Land on Book details Page">
<kw name="Open India Bookstore" library="instructions">
<kw name="Open Browser" library="SeleniumLibrary">
<doc>Opens a new browser instance to the optional ``url``.</doc>
<arguments>
<arg>${url_books}</arg>
<arg>${brows}</arg>
</arguments>
<msg timestamp="20200623 02:26:25.858" level="INFO">Opening browser 'gc' to base url 'https://www.indiabookstore.net/'.</msg>
<status status="PASS" starttime="20200623 02:26:25.858" endtime="20200623 02:26:32.148"></status>
</kw>
<kw name="Maximize Browser Window" library="SeleniumLibrary">
<doc>Maximizes current browser window.</doc>
<status status="PASS" starttime="20200623 02:26:32.148" endtime="20200623 02:26:32.334"></status>
</kw>
<kw name="Sleep" library="BuiltIn">
<doc>Pauses the test executed for the given time.</doc>
<arguments>
<arg>4s</arg>
</arguments>
<msg timestamp="20200623 02:26:36.334" level="INFO">Slept 4 seconds</msg>
<status status="PASS" starttime="20200623 02:26:32.334" endtime="20200623 02:26:36.334"></status>
</kw>
<kw name="Verify WebPage title" library="instructions">
<arguments>
<arg>${Expected_homePage}</arg>
</arguments>
<kw name="Wait Until Page Contains" library="SeleniumLibrary">
<doc>Waits until ``text`` appears on the current page.</doc>
<arguments>
<arg>${title_name}</arg>
</arguments>
<status status="PASS" starttime="20200623 02:26:36.335" endtime="20200623 02:26:36.352"></status>
</kw>
<kw name="Log To Console" library="BuiltIn">
<doc>Logs the given message to the console.</doc>
<arguments>
<arg>${title_name}</arg>
</arguments>
<status status="PASS" starttime="20200623 02:26:36.353" endtime="20200623 02:26:36.353"></status>
</kw>
<kw name="Log To Console" library="BuiltIn">
<doc>Logs the given message to the console.</doc>
<arguments>
<arg>Pass!!</arg>
</arguments>
<status status="PASS" starttime="20200623 02:26:36.353" endtime="20200623 02:26:36.353"></status>
</kw>
<status status="PASS" starttime="20200623 02:26:36.335" endtime="20200623 02:26:36.353"></status>
</kw>
<kw name="Execute Javascript" library="SeleniumLibrary">
<doc>Executes the given JavaScript code with possible arguments.</doc>
<arguments>
<arg>window.scrollTo(0, 500)</arg>
</arguments>
<msg timestamp="20200623 02:26:36.354" level="INFO">Executing JavaScript:
window.scrollTo(0, 500)
Without any arguments.</msg>
<status status="PASS" starttime="20200623 02:26:36.353" endtime="20200623 02:26:36.383"></status>
</kw>
<status status="PASS" starttime="20200623 02:26:25.857" endtime="20200623 02:26:36.383"></status>
</kw>
<kw name="Navigate to Category &quot;Computing and Internet&quot;" library="instructions">
<kw name="Get Element Count" library="SeleniumLibrary">
<doc>Returns the number of elements matching ``locator``.</doc>
<arguments>
<arg>xpath=//*[@id="leftNavContainer"]/ul/li</arg>
</arguments>
<assign>
<var>${category_count}</var>
</assign>
<msg timestamp="20200623 02:26:36.394" level="INFO">${category_count} = 21</msg>
<status status="PASS" starttime="20200623 02:26:36.383" endtime="20200623 02:26:36.394"></status>
</kw>
<kw name="Sleep" library="BuiltIn">
<doc>Pauses the test executed for the given time.</doc>
<arguments>
<arg>3s</arg>
</arguments>
<msg timestamp="20200623 02:26:39.394" level="INFO">Slept 3 seconds</msg>
<status status="PASS" starttime="20200623 02:26:36.394" endtime="20200623 02:26:39.394"></status>
</kw>
<kw name="${i} IN RANGE [ 1 | ${category_count} ]" type="for">
<kw name="${i} = 1" type="foritem">
<kw name="Get Text" library="SeleniumLibrary">
<doc>Returns the text value of the element identified by ``locator``.</doc>
<arguments>
<arg>xpath=//*[@id="leftNavContainer"]/ul/li[${i}]/a</arg>
</arguments>
<assign>
<var>${dynamic_categ_name}</var>
</assign>
<msg timestamp="20200623 02:26:39.416" level="INFO">${dynamic_categ_name} = Academic</msg>
<status status="PASS" starttime="20200623 02:26:39.395" endtime="20200623 02:26:39.416"></status>
</kw>
<kw name="Scroll Element Into View" library="SeleniumLibrary">
<doc>Scrolls the element identified by ``locator`` into view.</doc>
<arguments>
<arg>xpath=//*[@id="leftNavContainer"]/ul/li[${i}]/a</arg>
</arguments>
<status status="PASS" starttime="20200623 02:26:39.416" endtime="20200623 02:26:39.683"></status>
</kw>
<kw name="Exit For Loop If" library="BuiltIn">
<doc>Stops executing the enclosing for loop if the ``condition`` is true.</doc>
<arguments>
<arg>"${dynamic_categ_name}" == "${Expected_category}"</arg>
</arguments>
<status status="PASS" starttime="20200623 02:26:39.683" endtime="20200623 02:26:39.684"></status>
</kw>
<status status="PASS" starttime="20200623 02:26:39.395" endtime="20200623 02:26:39.684"></status>
</kw>
<kw name="${i} = 2" type="foritem">
<kw name="Get Text" library="SeleniumLibrary">
<doc>Returns the text value of the element identified by ``locator``.</doc>
<arguments>
<arg>xpath=//*[@id="leftNavContainer"]/ul/li[${i}]/a</arg>
</arguments>
<assign>
<var>${dynamic_categ_name}</var>
</assign>
<msg timestamp="20200623 02:26:39.708" level="INFO">${dynamic_categ_name} = Action &amp; Adventure</msg>
<status status="PASS" starttime="20200623 02:26:39.684" endtime="20200623 02:26:39.708"></status>
</kw>
<kw name="Scroll Element Into View" library="SeleniumLibrary">
<doc>Scrolls the element identified by ``locator`` into view.</doc>
<arguments>
<arg>xpath=//*[@id="leftNavContainer"]/ul/li[${i}]/a</arg>
</arguments>
<status status="PASS" starttime="20200623 02:26:39.708" endtime="20200623 02:26:39.972"></status>
</kw>
<kw name="Exit For Loop If" library="BuiltIn">
<doc>Stops executing the enclosing for loop if the ``condition`` is true.</doc>
<arguments>
<arg>"${dynamic_categ_name}" == "${Expected_category}"</arg>
</arguments>
<status status="PASS" starttime="20200623 02:26:39.972" endtime="20200623 02:26:39.973"></status>
</kw>
<status status="PASS" starttime="20200623 02:26:39.684" endtime="20200623 02:26:39.973"></status>
</kw>
<kw name="${i} = 3" type="foritem">
<kw name="Get Text" library="SeleniumLibrary">
<doc>Returns the text value of the element identified by ``locator``.</doc>
<arguments>
<arg>xpath=//*[@id="leftNavContainer"]/ul/li[${i}]/a</arg>
</arguments>
<assign>
<var>${dynamic_categ_name}</var>
</assign>
<msg timestamp="20200623 02:26:39.996" level="INFO">${dynamic_categ_name} = Biographies &amp; True Accounts</msg>
<status status="PASS" starttime="20200623 02:26:39.973" endtime="20200623 02:26:39.996"></status>
</kw>
<kw name="Scroll Element Into View" library="SeleniumLibrary">
<doc>Scrolls the element identified by ``locator`` into view.</doc>
<arguments>
<arg>xpath=//*[@id="leftNavContainer"]/ul/li[${i}]/a</arg>
</arguments>
<status status="PASS" starttime="20200623 02:26:39.997" endtime="20200623 02:26:40.262"></status>
</kw>
<kw name="Exit For Loop If" library="BuiltIn">
<doc>Stops executing the enclosing for loop if the ``condition`` is true.</doc>
<arguments>
<arg>"${dynamic_categ_name}" == "${Expected_category}"</arg>
</arguments>
<status status="PASS" starttime="20200623 02:26:40.262" endtime="20200623 02:26:40.263"></status>
</kw>
<status status="PASS" starttime="20200623 02:26:39.973" endtime="20200623 02:26:40.263"></status>
</kw>
<kw name="${i} = 4" type="foritem">
<kw name="Get Text" library="SeleniumLibrary">
<doc>Returns the text value of the element identified by ``locator``.</doc>
<arguments>
<arg>xpath=//*[@id="leftNavContainer"]/ul/li[${i}]/a</arg>
</arguments>
<assign>
<var>${dynamic_categ_name}</var>
</assign>
<msg timestamp="20200623 02:26:40.284" level="INFO">${dynamic_categ_name} = Business, Investing and Management</msg>
<status status="PASS" starttime="20200623 02:26:40.263" endtime="20200623 02:26:40.284"></status>
</kw>
<kw name="Scroll Element Into View" library="SeleniumLibrary">
<doc>Scrolls the element identified by ``locator`` into view.</doc>
<arguments>
<arg>xpath=//*[@id="leftNavContainer"]/ul/li[${i}]/a</arg>
</arguments>
<status status="PASS" starttime="20200623 02:26:40.285" endtime="20200623 02:26:40.560"></status>
</kw>
<kw name="Exit For Loop If" library="BuiltIn">
<doc>Stops executing the enclosing for loop if the ``condition`` is true.</doc>
<arguments>
<arg>"${dynamic_categ_name}" == "${Expected_category}"</arg>
</arguments>
<status status="PASS" starttime="20200623 02:26:40.560" endtime="20200623 02:26:40.561"></status>
</kw>
<status status="PASS" starttime="20200623 02:26:40.263" endtime="20200623 02:26:40.561"></status>
</kw>
<kw name="${i} = 5" type="foritem">
<kw name="Get Text" library="SeleniumLibrary">
<doc>Returns the text value of the element identified by ``locator``.</doc>
<arguments>
<arg>xpath=//*[@id="leftNavContainer"]/ul/li[${i}]/a</arg>
</arguments>
<assign>
<var>${dynamic_categ_name}</var>
</assign>
<msg timestamp="20200623 02:26:40.583" level="INFO">${dynamic_categ_name} = Children's Books</msg>
<status status="PASS" starttime="20200623 02:26:40.561" endtime="20200623 02:26:40.583"></status>
</kw>
<kw name="Scroll Element Into View" library="SeleniumLibrary">
<doc>Scrolls the element identified by ``locator`` into view.</doc>
<arguments>
<arg>xpath=//*[@id="leftNavContainer"]/ul/li[${i}]/a</arg>
</arguments>
<status status="PASS" starttime="20200623 02:26:40.583" endtime="20200623 02:26:40.861"></status>
</kw>
<kw name="Exit For Loop If" library="BuiltIn">
<doc>Stops executing the enclosing for loop if the ``condition`` is true.</doc>
<arguments>
<arg>"${dynamic_categ_name}" == "${Expected_category}"</arg>
</arguments>
<status status="PASS" starttime="20200623 02:26:40.861" endtime="20200623 02:26:40.861"></status>
</kw>
<status status="PASS" starttime="20200623 02:26:40.561" endtime="20200623 02:26:40.861"></status>
</kw>
<kw name="${i} = 6" type="foritem">
<kw name="Get Text" library="SeleniumLibrary">
<doc>Returns the text value of the element identified by ``locator``.</doc>
<arguments>
<arg>xpath=//*[@id="leftNavContainer"]/ul/li[${i}]/a</arg>
</arguments>
<assign>
<var>${dynamic_categ_name}</var>
</assign>
<msg timestamp="20200623 02:26:40.882" level="INFO">${dynamic_categ_name} = Comics &amp; Manga</msg>
<status status="PASS" starttime="20200623 02:26:40.862" endtime="20200623 02:26:40.882"></status>
</kw>
<kw name="Scroll Element Into View" library="SeleniumLibrary">
<doc>Scrolls the element identified by ``locator`` into view.</doc>
<arguments>
<arg>xpath=//*[@id="leftNavContainer"]/ul/li[${i}]/a</arg>
</arguments>
<status status="PASS" starttime="20200623 02:26:40.882" endtime="20200623 02:26:41.147"></status>
</kw>
<kw name="Exit For Loop If" library="BuiltIn">
<doc>Stops executing the enclosing for loop if the ``condition`` is true.</doc>
<arguments>
<arg>"${dynamic_categ_name}" == "${Expected_category}"</arg>
</arguments>
<status status="PASS" starttime="20200623 02:26:41.147" endtime="20200623 02:26:41.147"></status>
</kw>
<status status="PASS" starttime="20200623 02:26:40.862" endtime="20200623 02:26:41.147"></status>
</kw>
<kw name="${i} = 7" type="foritem">
<kw name="Get Text" library="SeleniumLibrary">
<doc>Returns the text value of the element identified by ``locator``.</doc>
<arguments>
<arg>xpath=//*[@id="leftNavContainer"]/ul/li[${i}]/a</arg>
</arguments>
<assign>
<var>${dynamic_categ_name}</var>
</assign>
<msg timestamp="20200623 02:26:41.171" level="INFO">${dynamic_categ_name} = Computing &amp; Internet</msg>
<status status="PASS" starttime="20200623 02:26:41.148" endtime="20200623 02:26:41.171"></status>
</kw>
<kw name="Scroll Element Into View" library="SeleniumLibrary">
<doc>Scrolls the element identified by ``locator`` into view.</doc>
<arguments>
<arg>xpath=//*[@id="leftNavContainer"]/ul/li[${i}]/a</arg>
</arguments>
<status status="PASS" starttime="20200623 02:26:41.171" endtime="20200623 02:26:41.437"></status>
</kw>
<kw name="Exit For Loop If" library="BuiltIn">
<doc>Stops executing the enclosing for loop if the ``condition`` is true.</doc>
<arguments>
<arg>"${dynamic_categ_name}" == "${Expected_category}"</arg>
</arguments>
<msg timestamp="20200623 02:26:41.438" level="INFO">Exiting for loop altogether.</msg>
<status status="PASS" starttime="20200623 02:26:41.437" endtime="20200623 02:26:41.438"></status>
</kw>
<status status="PASS" starttime="20200623 02:26:41.148" endtime="20200623 02:26:41.438"></status>
</kw>
<status status="PASS" starttime="20200623 02:26:39.394" endtime="20200623 02:26:41.438"></status>
</kw>
<kw name="Set Test Variable" library="BuiltIn">
<doc>Makes a variable available everywhere within the scope of the current test.</doc>
<arguments>
<arg>${static_categ_name}</arg>
<arg>xpath=//*[@id="leftNavContainer"]/ul/li[${i}]/a</arg>
</arguments>
<msg timestamp="20200623 02:26:41.439" level="INFO">${static_categ_name} = xpath=//*[@id="leftNavContainer"]/ul/li[7]/a</msg>
<status status="PASS" starttime="20200623 02:26:41.438" endtime="20200623 02:26:41.439"></status>
</kw>
<status status="PASS" starttime="20200623 02:26:36.383" endtime="20200623 02:26:41.439"></status>
</kw>
<kw name="Click on &quot;Digital Media and Internet&quot; Sub Section" library="instructions">
<kw name="Mouse Over" library="SeleniumLibrary">
<doc>Simulates hovering the mouse over the element ``locator``.</doc>
<arguments>
<arg>${static_categ_name}</arg>
</arguments>
<msg timestamp="20200623 02:26:41.440" level="INFO">Simulating Mouse Over on element 'xpath=//*[@id="leftNavContainer"]/ul/li[7]/a'.</msg>
<status status="PASS" starttime="20200623 02:26:41.440" endtime="20200623 02:26:41.706"></status>
</kw>
<kw name="Sleep" library="BuiltIn">
<doc>Pauses the test executed for the given time.</doc>
<arguments>
<arg>3s</arg>
</arguments>
<msg timestamp="20200623 02:26:44.707" level="INFO">Slept 3 seconds</msg>
<status status="PASS" starttime="20200623 02:26:41.706" endtime="20200623 02:26:44.707"></status>
</kw>
<kw name="Mouse Over" library="SeleniumLibrary">
<doc>Simulates hovering the mouse over the element ``locator``.</doc>
<arguments>
<arg>${Digital_Media}</arg>
</arguments>
<msg timestamp="20200623 02:26:44.707" level="INFO">Simulating Mouse Over on element 'xpath=//*[@id="leftNavContainer"]/ul/li[7]/ul/li[2]'.</msg>
<status status="PASS" starttime="20200623 02:26:44.707" endtime="20200623 02:26:44.983"></status>
</kw>
<kw name="Sleep" library="BuiltIn">
<doc>Pauses the test executed for the given time.</doc>
<arguments>
<arg>2s</arg>
</arguments>
<msg timestamp="20200623 02:26:46.985" level="INFO">Slept 2 seconds</msg>
<status status="PASS" starttime="20200623 02:26:44.984" endtime="20200623 02:26:46.985"></status>
</kw>
<kw name="Click Element" library="SeleniumLibrary">
<doc>Click the element identified by ``locator``.</doc>
<arguments>
<arg>${Digital_Media}</arg>
</arguments>
<msg timestamp="20200623 02:26:46.986" level="INFO">Clicking element 'xpath=//*[@id="leftNavContainer"]/ul/li[7]/ul/li[2]'.</msg>
<status status="PASS" starttime="20200623 02:26:46.986" endtime="20200623 02:26:47.392"></status>
</kw>
<kw name="Verify WebPage title" library="instructions">
<arguments>
<arg>${Expected_Book_Category}</arg>
</arguments>
<kw name="Wait Until Page Contains" library="SeleniumLibrary">
<doc>Waits until ``text`` appears on the current page.</doc>
<arguments>
<arg>${title_name}</arg>
</arguments>
<status status="PASS" starttime="20200623 02:26:47.392" endtime="20200623 02:26:47.416"></status>
</kw>
<kw name="Log To Console" library="BuiltIn">
<doc>Logs the given message to the console.</doc>
<arguments>
<arg>${title_name}</arg>
</arguments>
<status status="PASS" starttime="20200623 02:26:47.416" endtime="20200623 02:26:47.417"></status>
</kw>
<kw name="Log To Console" library="BuiltIn">
<doc>Logs the given message to the console.</doc>
<arguments>
<arg>Pass!!</arg>
</arguments>
<status status="PASS" starttime="20200623 02:26:47.417" endtime="20200623 02:26:47.417"></status>
</kw>
<status status="PASS" starttime="20200623 02:26:47.392" endtime="20200623 02:26:47.417"></status>
</kw>
<status status="PASS" starttime="20200623 02:26:41.439" endtime="20200623 02:26:47.417"></status>
</kw>
<kw name="Search for the book title 'Art of Community' in the Booklist" library="instructions">
<kw name="Get Element Count" library="SeleniumLibrary">
<doc>Returns the number of elements matching ``locator``.</doc>
<arguments>
<arg>xpath=//div[@class='col-md-9']/div</arg>
</arguments>
<assign>
<var>${buk_list}</var>
</assign>
<msg timestamp="20200623 02:26:47.436" level="INFO">${buk_list} = 51</msg>
<status status="PASS" starttime="20200623 02:26:47.418" endtime="20200623 02:26:47.436"></status>
</kw>
<kw name="${j} IN RANGE [ 2 | ${buk_list} ]" type="for">
<kw name="${j} = 2" type="foritem">
<kw name="Get Text" library="SeleniumLibrary">
<doc>Returns the text value of the element identified by ``locator``.</doc>
<arguments>
<arg>xpath=//div[@class='col-md-9']/div[${j}]/a/div[3]</arg>
</arguments>
<assign>
<var>${buk_names}</var>
</assign>
<msg timestamp="20200623 02:26:47.461" level="INFO">${buk_names} = Scott Kelby's digital photogra...</msg>
<status status="PASS" starttime="20200623 02:26:47.436" endtime="20200623 02:26:47.462"></status>
</kw>
<kw name="Exit For Loop If" library="BuiltIn">
<doc>Stops executing the enclosing for loop if the ``condition`` is true.</doc>
<arguments>
<arg>"${buk_names}" == "${Expected_Book_Name}"</arg>
</arguments>
<status status="PASS" starttime="20200623 02:26:47.462" endtime="20200623 02:26:47.462"></status>
</kw>
<status status="PASS" starttime="20200623 02:26:47.436" endtime="20200623 02:26:47.462"></status>
</kw>
<kw name="${j} = 3" type="foritem">
<kw name="Get Text" library="SeleniumLibrary">
<doc>Returns the text value of the element identified by ``locator``.</doc>
<arguments>
<arg>xpath=//div[@class='col-md-9']/div[${j}]/a/div[3]</arg>
</arguments>
<assign>
<var>${buk_names}</var>
</assign>
<msg timestamp="20200623 02:26:47.483" level="INFO">${buk_names} = Googled: The End of the World ...</msg>
<status status="PASS" starttime="20200623 02:26:47.462" endtime="20200623 02:26:47.483"></status>
</kw>
<kw name="Exit For Loop If" library="BuiltIn">
<doc>Stops executing the enclosing for loop if the ``condition`` is true.</doc>
<arguments>
<arg>"${buk_names}" == "${Expected_Book_Name}"</arg>
</arguments>
<status status="PASS" starttime="20200623 02:26:47.484" endtime="20200623 02:26:47.484"></status>
</kw>
<status status="PASS" starttime="20200623 02:26:47.462" endtime="20200623 02:26:47.484"></status>
</kw>
<kw name="${j} = 4" type="foritem">
<kw name="Get Text" library="SeleniumLibrary">
<doc>Returns the text value of the element identified by ``locator``.</doc>
<arguments>
<arg>xpath=//div[@class='col-md-9']/div[${j}]/a/div[3]</arg>
</arguments>
<assign>
<var>${buk_names}</var>
</assign>
<msg timestamp="20200623 02:26:47.504" level="INFO">${buk_names} = DESIGNING WITH WEB STANDARDS 2...</msg>
<status status="PASS" starttime="20200623 02:26:47.484" endtime="20200623 02:26:47.505"></status>
</kw>
<kw name="Exit For Loop If" library="BuiltIn">
<doc>Stops executing the enclosing for loop if the ``condition`` is true.</doc>
<arguments>
<arg>"${buk_names}" == "${Expected_Book_Name}"</arg>
</arguments>
<status status="PASS" starttime="20200623 02:26:47.505" endtime="20200623 02:26:47.505"></status>
</kw>
<status status="PASS" starttime="20200623 02:26:47.484" endtime="20200623 02:26:47.505"></status>
</kw>
<kw name="${j} = 5" type="foritem">
<kw name="Get Text" library="SeleniumLibrary">
<doc>Returns the text value of the element identified by ``locator``.</doc>
<arguments>
<arg>xpath=//div[@class='col-md-9']/div[${j}]/a/div[3]</arg>
</arguments>
<assign>
<var>${buk_names}</var>
</assign>
<msg timestamp="20200623 02:26:47.525" level="INFO">${buk_names} = The future just happened</msg>
<status status="PASS" starttime="20200623 02:26:47.505" endtime="20200623 02:26:47.525"></status>
</kw>
<kw name="Exit For Loop If" library="BuiltIn">
<doc>Stops executing the enclosing for loop if the ``condition`` is true.</doc>
<arguments>
<arg>"${buk_names}" == "${Expected_Book_Name}"</arg>
</arguments>
<status status="PASS" starttime="20200623 02:26:47.525" endtime="20200623 02:26:47.525"></status>
</kw>
<status status="PASS" starttime="20200623 02:26:47.505" endtime="20200623 02:26:47.525"></status>
</kw>
<kw name="${j} = 6" type="foritem">
<kw name="Get Text" library="SeleniumLibrary">
<doc>Returns the text value of the element identified by ``locator``.</doc>
<arguments>
<arg>xpath=//div[@class='col-md-9']/div[${j}]/a/div[3]</arg>
</arguments>
<assign>
<var>${buk_names}</var>
</assign>
<msg timestamp="20200623 02:26:47.544" level="INFO">${buk_names} = I Hate the Internet: A Useful ...</msg>
<status status="PASS" starttime="20200623 02:26:47.525" endtime="20200623 02:26:47.544"></status>
</kw>
<kw name="Exit For Loop If" library="BuiltIn">
<doc>Stops executing the enclosing for loop if the ``condition`` is true.</doc>
<arguments>
<arg>"${buk_names}" == "${Expected_Book_Name}"</arg>
</arguments>
<status status="PASS" starttime="20200623 02:26:47.545" endtime="20200623 02:26:47.545"></status>
</kw>
<status status="PASS" starttime="20200623 02:26:47.525" endtime="20200623 02:26:47.545"></status>
</kw>
<kw name="${j} = 7" type="foritem">
<kw name="Get Text" library="SeleniumLibrary">
<doc>Returns the text value of the element identified by ``locator``.</doc>
<arguments>
<arg>xpath=//div[@class='col-md-9']/div[${j}]/a/div[3]</arg>
</arguments>
<assign>
<var>${buk_names}</var>
</assign>
<msg timestamp="20200623 02:26:47.562" level="INFO">${buk_names} = Java The Complete Reference, 8...</msg>
<status status="PASS" starttime="20200623 02:26:47.545" endtime="20200623 02:26:47.562"></status>
</kw>
<kw name="Exit For Loop If" library="BuiltIn">
<doc>Stops executing the enclosing for loop if the ``condition`` is true.</doc>
<arguments>
<arg>"${buk_names}" == "${Expected_Book_Name}"</arg>
</arguments>
<status status="PASS" starttime="20200623 02:26:47.563" endtime="20200623 02:26:47.563"></status>
</kw>
<status status="PASS" starttime="20200623 02:26:47.545" endtime="20200623 02:26:47.563"></status>
</kw>
<kw name="${j} = 8" type="foritem">
<kw name="Get Text" library="SeleniumLibrary">
<doc>Returns the text value of the element identified by ``locator``.</doc>
<arguments>
<arg>xpath=//div[@class='col-md-9']/div[${j}]/a/div[3]</arg>
</arguments>
<assign>
<var>${buk_names}</var>
</assign>
<msg timestamp="20200623 02:26:47.581" level="INFO">${buk_names} = HTML, XHTML, and CSS, Sixth Ed...</msg>
<status status="PASS" starttime="20200623 02:26:47.563" endtime="20200623 02:26:47.581"></status>
</kw>
<kw name="Exit For Loop If" library="BuiltIn">
<doc>Stops executing the enclosing for loop if the ``condition`` is true.</doc>
<arguments>
<arg>"${buk_names}" == "${Expected_Book_Name}"</arg>
</arguments>
<status status="PASS" starttime="20200623 02:26:47.582" endtime="20200623 02:26:47.582"></status>
</kw>
<status status="PASS" starttime="20200623 02:26:47.563" endtime="20200623 02:26:47.582"></status>
</kw>
<kw name="${j} = 9" type="foritem">
<kw name="Get Text" library="SeleniumLibrary">
<doc>Returns the text value of the element identified by ``locator``.</doc>
<arguments>
<arg>xpath=//div[@class='col-md-9']/div[${j}]/a/div[3]</arg>
</arguments>
<assign>
<var>${buk_names}</var>
</assign>
<msg timestamp="20200623 02:26:47.601" level="INFO">${buk_names} = Hacking Exposed: Network Secur...</msg>
<status status="PASS" starttime="20200623 02:26:47.582" endtime="20200623 02:26:47.601"></status>
</kw>
<kw name="Exit For Loop If" library="BuiltIn">
<doc>Stops executing the enclosing for loop if the ``condition`` is true.</doc>
<arguments>
<arg>"${buk_names}" == "${Expected_Book_Name}"</arg>
</arguments>
<status status="PASS" starttime="20200623 02:26:47.601" endtime="20200623 02:26:47.601"></status>
</kw>
<status status="PASS" starttime="20200623 02:26:47.582" endtime="20200623 02:26:47.601"></status>
</kw>
<kw name="${j} = 10" type="foritem">
<kw name="Get Text" library="SeleniumLibrary">
<doc>Returns the text value of the element identified by ``locator``.</doc>
<arguments>
<arg>xpath=//div[@class='col-md-9']/div[${j}]/a/div[3]</arg>
</arguments>
<assign>
<var>${buk_names}</var>
</assign>
<msg timestamp="20200623 02:26:47.619" level="INFO">${buk_names} = Automation, Production Systems...</msg>
<status status="PASS" starttime="20200623 02:26:47.601" endtime="20200623 02:26:47.619"></status>
</kw>
<kw name="Exit For Loop If" library="BuiltIn">
<doc>Stops executing the enclosing for loop if the ``condition`` is true.</doc>
<arguments>
<arg>"${buk_names}" == "${Expected_Book_Name}"</arg>
</arguments>
<status status="PASS" starttime="20200623 02:26:47.619" endtime="20200623 02:26:47.620"></status>
</kw>
<status status="PASS" starttime="20200623 02:26:47.601" endtime="20200623 02:26:47.620"></status>
</kw>
<kw name="${j} = 11" type="foritem">
<kw name="Get Text" library="SeleniumLibrary">
<doc>Returns the text value of the element identified by ``locator``.</doc>
<arguments>
<arg>xpath=//div[@class='col-md-9']/div[${j}]/a/div[3]</arg>
</arguments>
<assign>
<var>${buk_names}</var>
</assign>
<msg timestamp="20200623 02:26:47.639" level="INFO">${buk_names} = Ophelia Joined the Group Maide...</msg>
<status status="PASS" starttime="20200623 02:26:47.620" endtime="20200623 02:26:47.639"></status>
</kw>
<kw name="Exit For Loop If" library="BuiltIn">
<doc>Stops executing the enclosing for loop if the ``condition`` is true.</doc>
<arguments>
<arg>"${buk_names}" == "${Expected_Book_Name}"</arg>
</arguments>
<status status="PASS" starttime="20200623 02:26:47.639" endtime="20200623 02:26:47.639"></status>
</kw>
<status status="PASS" starttime="20200623 02:26:47.620" endtime="20200623 02:26:47.639"></status>
</kw>
<kw name="${j} = 12" type="foritem">
<kw name="Get Text" library="SeleniumLibrary">
<doc>Returns the text value of the element identified by ``locator``.</doc>
<arguments>
<arg>xpath=//div[@class='col-md-9']/div[${j}]/a/div[3]</arg>
</arguments>
<assign>
<var>${buk_names}</var>
</assign>
<msg timestamp="20200623 02:26:47.658" level="INFO">${buk_names} = Advanced Web Metrics with Goog...</msg>
<status status="PASS" starttime="20200623 02:26:47.639" endtime="20200623 02:26:47.658"></status>
</kw>
<kw name="Exit For Loop If" library="BuiltIn">
<doc>Stops executing the enclosing for loop if the ``condition`` is true.</doc>
<arguments>
<arg>"${buk_names}" == "${Expected_Book_Name}"</arg>
</arguments>
<status status="PASS" starttime="20200623 02:26:47.658" endtime="20200623 02:26:47.658"></status>
</kw>
<status status="PASS" starttime="20200623 02:26:47.639" endtime="20200623 02:26:47.658"></status>
</kw>
<kw name="${j} = 13" type="foritem">
<kw name="Get Text" library="SeleniumLibrary">
<doc>Returns the text value of the element identified by ``locator``.</doc>
<arguments>
<arg>xpath=//div[@class='col-md-9']/div[${j}]/a/div[3]</arg>
</arguments>
<assign>
<var>${buk_names}</var>
</assign>
<msg timestamp="20200623 02:26:47.676" level="INFO">${buk_names} = Blogging for Bliss: Crafting Y...</msg>
<status status="PASS" starttime="20200623 02:26:47.658" endtime="20200623 02:26:47.676"></status>
</kw>
<kw name="Exit For Loop If" library="BuiltIn">
<doc>Stops executing the enclosing for loop if the ``condition`` is true.</doc>
<arguments>
<arg>"${buk_names}" == "${Expected_Book_Name}"</arg>
</arguments>
<status status="PASS" starttime="20200623 02:26:47.676" endtime="20200623 02:26:47.677"></status>
</kw>
<status status="PASS" starttime="20200623 02:26:47.658" endtime="20200623 02:26:47.677"></status>
</kw>
<kw name="${j} = 14" type="foritem">
<kw name="Get Text" library="SeleniumLibrary">
<doc>Returns the text value of the element identified by ``locator``.</doc>
<arguments>
<arg>xpath=//div[@class='col-md-9']/div[${j}]/a/div[3]</arg>
</arguments>
<assign>
<var>${buk_names}</var>
</assign>
<msg timestamp="20200623 02:26:47.694" level="INFO">${buk_names} = Python Pocket Reference, 2nd E...</msg>
<status status="PASS" starttime="20200623 02:26:47.677" endtime="20200623 02:26:47.694"></status>
</kw>
<kw name="Exit For Loop If" library="BuiltIn">
<doc>Stops executing the enclosing for loop if the ``condition`` is true.</doc>
<arguments>
<arg>"${buk_names}" == "${Expected_Book_Name}"</arg>
</arguments>
<status status="PASS" starttime="20200623 02:26:47.694" endtime="20200623 02:26:47.695"></status>
</kw>
<status status="PASS" starttime="20200623 02:26:47.677" endtime="20200623 02:26:47.695"></status>
</kw>
<kw name="${j} = 15" type="foritem">
<kw name="Get Text" library="SeleniumLibrary">
<doc>Returns the text value of the element identified by ``locator``.</doc>
<arguments>
<arg>xpath=//div[@class='col-md-9']/div[${j}]/a/div[3]</arg>
</arguments>
<assign>
<var>${buk_names}</var>
</assign>
<msg timestamp="20200623 02:26:47.713" level="INFO">${buk_names} = We Are Not Alone: The Writer's...</msg>
<status status="PASS" starttime="20200623 02:26:47.695" endtime="20200623 02:26:47.713"></status>
</kw>
<kw name="Exit For Loop If" library="BuiltIn">
<doc>Stops executing the enclosing for loop if the ``condition`` is true.</doc>
<arguments>
<arg>"${buk_names}" == "${Expected_Book_Name}"</arg>
</arguments>
<status status="PASS" starttime="20200623 02:26:47.713" endtime="20200623 02:26:47.713"></status>
</kw>
<status status="PASS" starttime="20200623 02:26:47.695" endtime="20200623 02:26:47.713"></status>
</kw>
<kw name="${j} = 16" type="foritem">
<kw name="Get Text" library="SeleniumLibrary">
<doc>Returns the text value of the element identified by ``locator``.</doc>
<arguments>
<arg>xpath=//div[@class='col-md-9']/div[${j}]/a/div[3]</arg>
</arguments>
<assign>
<var>${buk_names}</var>
</assign>
<msg timestamp="20200623 02:26:47.732" level="INFO">${buk_names} = Digital Photography for Dummie...</msg>
<status status="PASS" starttime="20200623 02:26:47.713" endtime="20200623 02:26:47.732"></status>
</kw>
<kw name="Exit For Loop If" library="BuiltIn">
<doc>Stops executing the enclosing for loop if the ``condition`` is true.</doc>
<arguments>
<arg>"${buk_names}" == "${Expected_Book_Name}"</arg>
</arguments>
<status status="PASS" starttime="20200623 02:26:47.732" endtime="20200623 02:26:47.733"></status>
</kw>
<status status="PASS" starttime="20200623 02:26:47.713" endtime="20200623 02:26:47.733"></status>
</kw>
<kw name="${j} = 17" type="foritem">
<kw name="Get Text" library="SeleniumLibrary">
<doc>Returns the text value of the element identified by ``locator``.</doc>
<arguments>
<arg>xpath=//div[@class='col-md-9']/div[${j}]/a/div[3]</arg>
</arguments>
<assign>
<var>${buk_names}</var>
</assign>
<msg timestamp="20200623 02:26:47.750" level="INFO">${buk_names} = Building Scalable Web Sites</msg>
<status status="PASS" starttime="20200623 02:26:47.733" endtime="20200623 02:26:47.750"></status>
</kw>
<kw name="Exit For Loop If" library="BuiltIn">
<doc>Stops executing the enclosing for loop if the ``condition`` is true.</doc>
<arguments>
<arg>"${buk_names}" == "${Expected_Book_Name}"</arg>
</arguments>
<status status="PASS" starttime="20200623 02:26:47.751" endtime="20200623 02:26:47.751"></status>
</kw>
<status status="PASS" starttime="20200623 02:26:47.733" endtime="20200623 02:26:47.751"></status>
</kw>
<kw name="${j} = 18" type="foritem">
<kw name="Get Text" library="SeleniumLibrary">
<doc>Returns the text value of the element identified by ``locator``.</doc>
<arguments>
<arg>xpath=//div[@class='col-md-9']/div[${j}]/a/div[3]</arg>
</arguments>
<assign>
<var>${buk_names}</var>
</assign>
<msg timestamp="20200623 02:26:47.769" level="INFO">${buk_names} = The Google Way - How One Compa...</msg>
<status status="PASS" starttime="20200623 02:26:47.751" endtime="20200623 02:26:47.769"></status>
</kw>
<kw name="Exit For Loop If" library="BuiltIn">
<doc>Stops executing the enclosing for loop if the ``condition`` is true.</doc>
<arguments>
<arg>"${buk_names}" == "${Expected_Book_Name}"</arg>
</arguments>
<status status="PASS" starttime="20200623 02:26:47.769" endtime="20200623 02:26:47.769"></status>
</kw>
<status status="PASS" starttime="20200623 02:26:47.751" endtime="20200623 02:26:47.769"></status>
</kw>
<kw name="${j} = 19" type="foritem">
<kw name="Get Text" library="SeleniumLibrary">
<doc>Returns the text value of the element identified by ``locator``.</doc>
<arguments>
<arg>xpath=//div[@class='col-md-9']/div[${j}]/a/div[3]</arg>
</arguments>
<assign>
<var>${buk_names}</var>
</assign>
<msg timestamp="20200623 02:26:47.787" level="INFO">${buk_names} = Storytelling for User Experien...</msg>
<status status="PASS" starttime="20200623 02:26:47.769" endtime="20200623 02:26:47.787"></status>
</kw>
<kw name="Exit For Loop If" library="BuiltIn">
<doc>Stops executing the enclosing for loop if the ``condition`` is true.</doc>
<arguments>
<arg>"${buk_names}" == "${Expected_Book_Name}"</arg>
</arguments>
<status status="PASS" starttime="20200623 02:26:47.787" endtime="20200623 02:26:47.788"></status>
</kw>
<status status="PASS" starttime="20200623 02:26:47.769" endtime="20200623 02:26:47.788"></status>
</kw>
<kw name="${j} = 20" type="foritem">
<kw name="Get Text" library="SeleniumLibrary">
<doc>Returns the text value of the element identified by ``locator``.</doc>
<arguments>
<arg>xpath=//div[@class='col-md-9']/div[${j}]/a/div[3]</arg>
</arguments>
<assign>
<var>${buk_names}</var>
</assign>
<msg timestamp="20200623 02:26:47.810" level="INFO">${buk_names} = Web Operations: Keeping the Da...</msg>
<status status="PASS" starttime="20200623 02:26:47.788" endtime="20200623 02:26:47.810"></status>
</kw>
<kw name="Exit For Loop If" library="BuiltIn">
<doc>Stops executing the enclosing for loop if the ``condition`` is true.</doc>
<arguments>
<arg>"${buk_names}" == "${Expected_Book_Name}"</arg>
</arguments>
<status status="PASS" starttime="20200623 02:26:47.810" endtime="20200623 02:26:47.810"></status>
</kw>
<status status="PASS" starttime="20200623 02:26:47.788" endtime="20200623 02:26:47.810"></status>
</kw>
<kw name="${j} = 21" type="foritem">
<kw name="Get Text" library="SeleniumLibrary">
<doc>Returns the text value of the element identified by ``locator``.</doc>
<arguments>
<arg>xpath=//div[@class='col-md-9']/div[${j}]/a/div[3]</arg>
</arguments>
<assign>
<var>${buk_names}</var>
</assign>
<msg timestamp="20200623 02:26:47.828" level="INFO">${buk_names} = The Revolution Will Not Be Tel...</msg>
<status status="PASS" starttime="20200623 02:26:47.810" endtime="20200623 02:26:47.828"></status>
</kw>
<kw name="Exit For Loop If" library="BuiltIn">
<doc>Stops executing the enclosing for loop if the ``condition`` is true.</doc>
<arguments>
<arg>"${buk_names}" == "${Expected_Book_Name}"</arg>
</arguments>
<status status="PASS" starttime="20200623 02:26:47.828" endtime="20200623 02:26:47.829"></status>
</kw>
<status status="PASS" starttime="20200623 02:26:47.810" endtime="20200623 02:26:47.829"></status>
</kw>
<kw name="${j} = 22" type="foritem">
<kw name="Get Text" library="SeleniumLibrary">
<doc>Returns the text value of the element identified by ``locator``.</doc>
<arguments>
<arg>xpath=//div[@class='col-md-9']/div[${j}]/a/div[3]</arg>
</arguments>
<assign>
<var>${buk_names}</var>
</assign>
<msg timestamp="20200623 02:26:47.864" level="INFO">${buk_names} = The Rails Way: Driving Rails i...</msg>
<status status="PASS" starttime="20200623 02:26:47.829" endtime="20200623 02:26:47.864"></status>
</kw>
<kw name="Exit For Loop If" library="BuiltIn">
<doc>Stops executing the enclosing for loop if the ``condition`` is true.</doc>
<arguments>
<arg>"${buk_names}" == "${Expected_Book_Name}"</arg>
</arguments>
<status status="PASS" starttime="20200623 02:26:47.865" endtime="20200623 02:26:47.865"></status>
</kw>
<status status="PASS" starttime="20200623 02:26:47.829" endtime="20200623 02:26:47.865"></status>
</kw>
<kw name="${j} = 23" type="foritem">
<kw name="Get Text" library="SeleniumLibrary">
<doc>Returns the text value of the element identified by ``locator``.</doc>
<arguments>
<arg>xpath=//div[@class='col-md-9']/div[${j}]/a/div[3]</arg>
</arguments>
<assign>
<var>${buk_names}</var>
</assign>
<msg timestamp="20200623 02:26:47.883" level="INFO">${buk_names} = The revolution will not be tel...</msg>
<status status="PASS" starttime="20200623 02:26:47.865" endtime="20200623 02:26:47.883"></status>
</kw>
<kw name="Exit For Loop If" library="BuiltIn">
<doc>Stops executing the enclosing for loop if the ``condition`` is true.</doc>
<arguments>
<arg>"${buk_names}" == "${Expected_Book_Name}"</arg>
</arguments>
<status status="PASS" starttime="20200623 02:26:47.883" endtime="20200623 02:26:47.883"></status>
</kw>
<status status="PASS" starttime="20200623 02:26:47.865" endtime="20200623 02:26:47.883"></status>
</kw>
<kw name="${j} = 24" type="foritem">
<kw name="Get Text" library="SeleniumLibrary">
<doc>Returns the text value of the element identified by ``locator``.</doc>
<arguments>
<arg>xpath=//div[@class='col-md-9']/div[${j}]/a/div[3]</arg>
</arguments>
<assign>
<var>${buk_names}</var>
</assign>
<msg timestamp="20200623 02:26:47.902" level="INFO">${buk_names} = The Digital Divide: Arguments ...</msg>
<status status="PASS" starttime="20200623 02:26:47.884" endtime="20200623 02:26:47.902"></status>
</kw>
<kw name="Exit For Loop If" library="BuiltIn">
<doc>Stops executing the enclosing for loop if the ``condition`` is true.</doc>
<arguments>
<arg>"${buk_names}" == "${Expected_Book_Name}"</arg>
</arguments>
<status status="PASS" starttime="20200623 02:26:47.902" endtime="20200623 02:26:47.902"></status>
</kw>
<status status="PASS" starttime="20200623 02:26:47.884" endtime="20200623 02:26:47.902"></status>
</kw>
<kw name="${j} = 25" type="foritem">
<kw name="Get Text" library="SeleniumLibrary">
<doc>Returns the text value of the element identified by ``locator``.</doc>
<arguments>
<arg>xpath=//div[@class='col-md-9']/div[${j}]/a/div[3]</arg>
</arguments>
<assign>
<var>${buk_names}</var>
</assign>
<msg timestamp="20200623 02:26:47.921" level="INFO">${buk_names} = Google / Google: Guia De Bolsi...</msg>
<status status="PASS" starttime="20200623 02:26:47.902" endtime="20200623 02:26:47.921"></status>
</kw>
<kw name="Exit For Loop If" library="BuiltIn">
<doc>Stops executing the enclosing for loop if the ``condition`` is true.</doc>
<arguments>
<arg>"${buk_names}" == "${Expected_Book_Name}"</arg>
</arguments>
<status status="PASS" starttime="20200623 02:26:47.921" endtime="20200623 02:26:47.921"></status>
</kw>
<status status="PASS" starttime="20200623 02:26:47.902" endtime="20200623 02:26:47.921"></status>
</kw>
<kw name="${j} = 26" type="foritem">
<kw name="Get Text" library="SeleniumLibrary">
<doc>Returns the text value of the element identified by ``locator``.</doc>
<arguments>
<arg>xpath=//div[@class='col-md-9']/div[${j}]/a/div[3]</arg>
</arguments>
<assign>
<var>${buk_names}</var>
</assign>
<msg timestamp="20200623 02:26:47.940" level="INFO">${buk_names} = Against the Machine: Being Hum...</msg>
<status status="PASS" starttime="20200623 02:26:47.922" endtime="20200623 02:26:47.940"></status>
</kw>
<kw name="Exit For Loop If" library="BuiltIn">
<doc>Stops executing the enclosing for loop if the ``condition`` is true.</doc>
<arguments>
<arg>"${buk_names}" == "${Expected_Book_Name}"</arg>
</arguments>
<status status="PASS" starttime="20200623 02:26:47.940" endtime="20200623 02:26:47.941"></status>
</kw>
<status status="PASS" starttime="20200623 02:26:47.921" endtime="20200623 02:26:47.941"></status>
</kw>
<kw name="${j} = 27" type="foritem">
<kw name="Get Text" library="SeleniumLibrary">
<doc>Returns the text value of the element identified by ``locator``.</doc>
<arguments>
<arg>xpath=//div[@class='col-md-9']/div[${j}]/a/div[3]</arg>
</arguments>
<assign>
<var>${buk_names}</var>
</assign>
<msg timestamp="20200623 02:26:47.959" level="INFO">${buk_names} = Using Drupal (English)</msg>
<status status="PASS" starttime="20200623 02:26:47.941" endtime="20200623 02:26:47.960"></status>
</kw>
<kw name="Exit For Loop If" library="BuiltIn">
<doc>Stops executing the enclosing for loop if the ``condition`` is true.</doc>
<arguments>
<arg>"${buk_names}" == "${Expected_Book_Name}"</arg>
</arguments>
<status status="PASS" starttime="20200623 02:26:47.960" endtime="20200623 02:26:47.960"></status>
</kw>
<status status="PASS" starttime="20200623 02:26:47.941" endtime="20200623 02:26:47.960"></status>
</kw>
<kw name="${j} = 28" type="foritem">
<kw name="Get Text" library="SeleniumLibrary">
<doc>Returns the text value of the element identified by ``locator``.</doc>
<arguments>
<arg>xpath=//div[@class='col-md-9']/div[${j}]/a/div[3]</arg>
</arguments>
<assign>
<var>${buk_names}</var>
</assign>
<msg timestamp="20200623 02:26:47.979" level="INFO">${buk_names} = The CSS Anthology: 101 Essenti...</msg>
<status status="PASS" starttime="20200623 02:26:47.960" endtime="20200623 02:26:47.980"></status>
</kw>
<kw name="Exit For Loop If" library="BuiltIn">
<doc>Stops executing the enclosing for loop if the ``condition`` is true.</doc>
<arguments>
<arg>"${buk_names}" == "${Expected_Book_Name}"</arg>
</arguments>
<status status="PASS" starttime="20200623 02:26:47.980" endtime="20200623 02:26:47.980"></status>
</kw>
<status status="PASS" starttime="20200623 02:26:47.960" endtime="20200623 02:26:47.980"></status>
</kw>
<kw name="${j} = 29" type="foritem">
<kw name="Get Text" library="SeleniumLibrary">
<doc>Returns the text value of the element identified by ``locator``.</doc>
<arguments>
<arg>xpath=//div[@class='col-md-9']/div[${j}]/a/div[3]</arg>
</arguments>
<assign>
<var>${buk_names}</var>
</assign>
<msg timestamp="20200623 02:26:48.000" level="INFO">${buk_names} = How to Find Out Anything: From...</msg>
<status status="PASS" starttime="20200623 02:26:47.980" endtime="20200623 02:26:48.000"></status>
</kw>
<kw name="Exit For Loop If" library="BuiltIn">
<doc>Stops executing the enclosing for loop if the ``condition`` is true.</doc>
<arguments>
<arg>"${buk_names}" == "${Expected_Book_Name}"</arg>
</arguments>
<status status="PASS" starttime="20200623 02:26:48.000" endtime="20200623 02:26:48.001"></status>
</kw>
<status status="PASS" starttime="20200623 02:26:47.980" endtime="20200623 02:26:48.001"></status>
</kw>
<kw name="${j} = 30" type="foritem">
<kw name="Get Text" library="SeleniumLibrary">
<doc>Returns the text value of the element identified by ``locator``.</doc>
<arguments>
<arg>xpath=//div[@class='col-md-9']/div[${j}]/a/div[3]</arg>
</arguments>
<assign>
<var>${buk_names}</var>
</assign>
<msg timestamp="20200623 02:26:48.019" level="INFO">${buk_names} = The Yahoo! Style Guide: The Ul...</msg>
<status status="PASS" starttime="20200623 02:26:48.001" endtime="20200623 02:26:48.019"></status>
</kw>
<kw name="Exit For Loop If" library="BuiltIn">
<doc>Stops executing the enclosing for loop if the ``condition`` is true.</doc>
<arguments>
<arg>"${buk_names}" == "${Expected_Book_Name}"</arg>
</arguments>
<status status="PASS" starttime="20200623 02:26:48.019" endtime="20200623 02:26:48.019"></status>
</kw>
<status status="PASS" starttime="20200623 02:26:48.001" endtime="20200623 02:26:48.020"></status>
</kw>
<kw name="${j} = 31" type="foritem">
<kw name="Get Text" library="SeleniumLibrary">
<doc>Returns the text value of the element identified by ``locator``.</doc>
<arguments>
<arg>xpath=//div[@class='col-md-9']/div[${j}]/a/div[3]</arg>
</arguments>
<assign>
<var>${buk_names}</var>
</assign>
<msg timestamp="20200623 02:26:48.039" level="INFO">${buk_names} = RESTful Web Services Cookbook:...</msg>
<status status="PASS" starttime="20200623 02:26:48.020" endtime="20200623 02:26:48.039"></status>
</kw>
<kw name="Exit For Loop If" library="BuiltIn">
<doc>Stops executing the enclosing for loop if the ``condition`` is true.</doc>
<arguments>
<arg>"${buk_names}" == "${Expected_Book_Name}"</arg>
</arguments>
<msg timestamp="20200623 02:26:48.039" level="INFO">Exiting for loop altogether.</msg>
<status status="PASS" starttime="20200623 02:26:48.039" endtime="20200623 02:26:48.039"></status>
</kw>
<status status="PASS" starttime="20200623 02:26:48.020" endtime="20200623 02:26:48.039"></status>
</kw>
<status status="PASS" starttime="20200623 02:26:47.436" endtime="20200623 02:26:48.039"></status>
</kw>
<kw name="Set Test Variable" library="BuiltIn">
<doc>Makes a variable available everywhere within the scope of the current test.</doc>
<arguments>
<arg>${exact_buk_elem}</arg>
<arg>xpath=//div[@class='col-md-9']/div[${j}]/a/div[3]</arg>
</arguments>
<msg timestamp="20200623 02:26:48.040" level="INFO">${exact_buk_elem} = xpath=//div[@class='col-md-9']/div[31]/a/div[3]</msg>
<status status="PASS" starttime="20200623 02:26:48.040" endtime="20200623 02:26:48.040"></status>
</kw>
<status status="PASS" starttime="20200623 02:26:47.418" endtime="20200623 02:26:48.040"></status>
</kw>
<kw name="Go to Expected Book details page" library="instructions">
<kw name="Sleep" library="BuiltIn">
<doc>Pauses the test executed for the given time.</doc>
<arguments>
<arg>5s</arg>
</arguments>
<msg timestamp="20200623 02:26:53.041" level="INFO">Slept 5 seconds</msg>
<status status="PASS" starttime="20200623 02:26:48.041" endtime="20200623 02:26:53.041"></status>
</kw>
<kw name="Click Element" library="SeleniumLibrary">
<doc>Click the element identified by ``locator``.</doc>
<arguments>
<arg>${exact_buk_elem}</arg>
</arguments>
<msg timestamp="20200623 02:26:53.041" level="INFO">Clicking element 'xpath=//div[@class='col-md-9']/div[31]/a/div[3]'.</msg>
<status status="PASS" starttime="20200623 02:26:53.041" endtime="20200623 02:27:04.410"></status>
</kw>
<status status="PASS" starttime="20200623 02:26:48.040" endtime="20200623 02:27:04.410"></status>
</kw>
<kw name="Verify User navigated to the expected book details" library="instructions">
<kw name="Verify WebPage title" library="instructions">
<arguments>
<arg>${Expected_Book_Detailed_Name}</arg>
</arguments>
<kw name="Wait Until Page Contains" library="SeleniumLibrary">
<doc>Waits until ``text`` appears on the current page.</doc>
<arguments>
<arg>${title_name}</arg>
</arguments>
<status status="PASS" starttime="20200623 02:27:04.411" endtime="20200623 02:27:04.428"></status>
</kw>
<kw name="Log To Console" library="BuiltIn">
<doc>Logs the given message to the console.</doc>
<arguments>
<arg>${title_name}</arg>
</arguments>
<status status="PASS" starttime="20200623 02:27:04.428" endtime="20200623 02:27:04.428"></status>
</kw>
<kw name="Log To Console" library="BuiltIn">
<doc>Logs the given message to the console.</doc>
<arguments>
<arg>Pass!!</arg>
</arguments>
<status status="PASS" starttime="20200623 02:27:04.428" endtime="20200623 02:27:04.429"></status>
</kw>
<status status="PASS" starttime="20200623 02:27:04.411" endtime="20200623 02:27:04.429"></status>
</kw>
<status status="PASS" starttime="20200623 02:27:04.410" endtime="20200623 02:27:04.429"></status>
</kw>
<status status="PASS" starttime="20200623 02:26:25.857" endtime="20200623 02:27:04.429" critical="yes"></status>
</test>
<status status="PASS" starttime="20200623 02:26:25.609" endtime="20200623 02:27:04.430"></status>
</suite>
<statistics>
<total>
<stat pass="1" fail="0">Critical Tests</stat>
<stat pass="1" fail="0">All Tests</stat>
</total>
<tag>
</tag>
<suite>
<stat pass="1" fail="0" id="s1" name="TestCases">TestCases</stat>
</suite>
</statistics>
<errors>
</errors>
</robot>
